INFO 2025-11-24 03:06:41,223 autoreload Watching for file changes with StatReloader
INFO 2025-11-24 15:33:15,549 autoreload /Users/burhanahmed/Desktop/NumerAI/backend/numerology/compatibility.py changed, reloading.
INFO 2025-11-24 15:33:17,646 autoreload Watching for file changes with StatReloader
INFO 2025-11-24 15:33:36,738 autoreload /Users/burhanahmed/Desktop/NumerAI/backend/numerology/views.py changed, reloading.
INFO 2025-11-24 15:33:38,263 autoreload Watching for file changes with StatReloader
INFO 2025-11-24 15:34:15,195 autoreload /Users/burhanahmed/Desktop/NumerAI/backend/numerology/views.py changed, reloading.
INFO 2025-11-24 15:34:16,636 autoreload Watching for file changes with StatReloader
INFO 2025-11-24 15:34:38,396 autoreload /Users/burhanahmed/Desktop/NumerAI/backend/numerology/views.py changed, reloading.
INFO 2025-11-24 15:34:39,870 autoreload Watching for file changes with StatReloader
INFO 2025-11-24 15:35:09,069 autoreload /Users/burhanahmed/Desktop/NumerAI/backend/numerology/views.py changed, reloading.
INFO 2025-11-24 15:35:10,523 autoreload Watching for file changes with StatReloader
INFO 2025-11-24 15:35:24,754 autoreload /Users/burhanahmed/Desktop/NumerAI/backend/numerology/views.py changed, reloading.
INFO 2025-11-24 15:35:26,218 autoreload Watching for file changes with StatReloader
INFO 2025-11-24 15:35:45,637 autoreload /Users/burhanahmed/Desktop/NumerAI/backend/numerology/views.py changed, reloading.
INFO 2025-11-24 15:35:47,014 autoreload Watching for file changes with StatReloader
INFO 2025-11-24 15:37:01,287 autoreload /Users/burhanahmed/Desktop/NumerAI/backend/numerology/views.py changed, reloading.
INFO 2025-11-24 15:37:02,942 autoreload Watching for file changes with StatReloader
INFO 2025-11-24 15:38:23,249 autoreload /Users/burhanahmed/Desktop/NumerAI/backend/numerology/views.py changed, reloading.
INFO 2025-11-24 15:38:24,936 autoreload Watching for file changes with StatReloader
INFO 2025-11-24 15:41:02,340 autoreload /Users/burhanahmed/Desktop/NumerAI/backend/numerology/views.py changed, reloading.
INFO 2025-11-24 15:41:03,951 autoreload Watching for file changes with StatReloader
INFO 2025-11-24 15:54:22,929 autoreload /Users/burhanahmed/Desktop/NumerAI/backend/numerology/views.py changed, reloading.
INFO 2025-11-24 15:54:25,050 autoreload Watching for file changes with StatReloader
INFO 2025-11-24 15:55:22,099 autoreload /Users/burhanahmed/Desktop/NumerAI/backend/numerology/views.py changed, reloading.
INFO 2025-11-24 15:55:23,766 autoreload Watching for file changes with StatReloader
INFO 2025-11-24 15:55:41,548 autoreload /Users/burhanahmed/Desktop/NumerAI/backend/numerology/views.py changed, reloading.
INFO 2025-11-24 15:55:43,128 autoreload Watching for file changes with StatReloader
INFO 2025-11-24 15:56:20,971 autoreload /Users/burhanahmed/Desktop/NumerAI/backend/numerology/views.py changed, reloading.
INFO 2025-11-24 15:56:22,466 autoreload Watching for file changes with StatReloader
INFO 2025-11-24 15:56:32,787 autoreload /Users/burhanahmed/Desktop/NumerAI/backend/numerology/views.py changed, reloading.
INFO 2025-11-24 15:56:34,208 autoreload Watching for file changes with StatReloader
INFO 2025-11-24 15:58:11,678 autoreload /Users/burhanahmed/Desktop/NumerAI/backend/numerology/views.py changed, reloading.
INFO 2025-11-24 15:58:13,293 autoreload Watching for file changes with StatReloader
INFO 2025-11-24 16:23:20,430 autoreload /Users/burhanahmed/Desktop/NumerAI/backend/numerology/views.py changed, reloading.
INFO 2025-11-24 16:23:22,150 autoreload Watching for file changes with StatReloader
INFO 2025-11-24 16:23:37,686 autoreload /Users/burhanahmed/Desktop/NumerAI/backend/numerology/compatibility.py changed, reloading.
INFO 2025-11-24 16:23:39,485 autoreload Watching for file changes with StatReloader
INFO 2025-11-24 16:24:33,324 autoreload /Users/burhanahmed/Desktop/NumerAI/backend/numerology/views.py changed, reloading.
INFO 2025-11-24 16:24:34,990 autoreload Watching for file changes with StatReloader
INFO 2025-11-24 16:24:43,085 autoreload /Users/burhanahmed/Desktop/NumerAI/backend/numerology/views.py changed, reloading.
INFO 2025-11-24 16:24:44,041 autoreload Watching for file changes with StatReloader
INFO 2025-11-24 16:25:08,779 autoreload /Users/burhanahmed/Desktop/NumerAI/backend/numerology/urls.py changed, reloading.
INFO 2025-11-24 16:25:09,815 autoreload Watching for file changes with StatReloader
INFO 2025-11-24 16:25:24,994 autoreload /Users/burhanahmed/Desktop/NumerAI/backend/numerai/settings/base.py changed, reloading.
INFO 2025-11-24 16:25:25,940 autoreload Watching for file changes with StatReloader
INFO 2025-11-24 16:25:25,940 autoreload Watching for file changes with StatReloader
INFO 2025-11-24 16:34:54,298 autoreload /Users/burhanahmed/Desktop/NumerAI/backend/numerology/compatibility.py changed, reloading.
INFO 2025-11-24 16:34:54,298 autoreload /Users/burhanahmed/Desktop/NumerAI/backend/numerology/compatibility.py changed, reloading.
INFO 2025-11-24 16:34:56,162 autoreload Watching for file changes with StatReloader
INFO 2025-11-24 16:34:56,162 autoreload Watching for file changes with StatReloader
INFO 2025-11-24 16:35:52,482 autoreload /Users/burhanahmed/Desktop/NumerAI/backend/numerology/compatibility.py changed, reloading.
INFO 2025-11-24 16:35:52,482 autoreload /Users/burhanahmed/Desktop/NumerAI/backend/numerology/compatibility.py changed, reloading.
INFO 2025-11-24 16:35:53,982 autoreload Watching for file changes with StatReloader
INFO 2025-11-24 16:35:53,982 autoreload Watching for file changes with StatReloader
INFO 2025-11-24 16:36:07,293 autoreload /Users/burhanahmed/Desktop/NumerAI/backend/numerology/compatibility.py changed, reloading.
INFO 2025-11-24 16:36:07,293 autoreload /Users/burhanahmed/Desktop/NumerAI/backend/numerology/compatibility.py changed, reloading.
INFO 2025-11-24 16:36:08,694 autoreload Watching for file changes with StatReloader
INFO 2025-11-24 16:36:08,694 autoreload Watching for file changes with StatReloader
INFO 2025-11-24 16:36:19,830 autoreload /Users/burhanahmed/Desktop/NumerAI/backend/numerology/compatibility.py changed, reloading.
INFO 2025-11-24 16:36:19,830 autoreload /Users/burhanahmed/Desktop/NumerAI/backend/numerology/compatibility.py changed, reloading.
INFO 2025-11-24 16:36:21,225 autoreload Watching for file changes with StatReloader
INFO 2025-11-24 16:36:21,225 autoreload Watching for file changes with StatReloader
INFO 2025-11-25 05:01:14,271 autoreload /Users/burhanahmed/Desktop/NumerAI/backend/numerology/compatibility.py changed, reloading.
INFO 2025-11-25 05:01:14,271 autoreload /Users/burhanahmed/Desktop/NumerAI/backend/numerology/compatibility.py changed, reloading.
INFO 2025-11-25 05:01:17,585 autoreload Watching for file changes with StatReloader
INFO 2025-11-25 05:01:17,585 autoreload Watching for file changes with StatReloader
INFO 2025-11-25 07:23:30,234 autoreload /Users/burhanahmed/Desktop/NumerAI/backend/reports/admin.py changed, reloading.
INFO 2025-11-25 07:23:30,234 autoreload /Users/burhanahmed/Desktop/NumerAI/backend/reports/admin.py changed, reloading.
INFO 2025-11-25 07:23:35,141 autoreload Watching for file changes with StatReloader
INFO 2025-11-25 07:23:35,141 autoreload Watching for file changes with StatReloader
INFO 2025-11-25 07:23:41,094 autoreload /Users/burhanahmed/Desktop/NumerAI/backend/reports/models.py changed, reloading.
INFO 2025-11-25 07:23:41,094 autoreload /Users/burhanahmed/Desktop/NumerAI/backend/reports/models.py changed, reloading.
INFO 2025-11-25 07:23:44,612 autoreload Watching for file changes with StatReloader
INFO 2025-11-25 07:23:44,612 autoreload Watching for file changes with StatReloader
INFO 2025-11-25 07:26:37,309 autoreload /Users/burhanahmed/Desktop/NumerAI/backend/reports/models.py changed, reloading.
INFO 2025-11-25 07:26:37,309 autoreload /Users/burhanahmed/Desktop/NumerAI/backend/reports/models.py changed, reloading.
INFO 2025-11-25 07:26:41,978 autoreload Watching for file changes with StatReloader
INFO 2025-11-25 07:26:41,978 autoreload Watching for file changes with StatReloader
INFO 2025-11-25 07:27:34,916 autoreload /Users/burhanahmed/Desktop/NumerAI/backend/reports/admin.py changed, reloading.
INFO 2025-11-25 07:27:34,916 autoreload /Users/burhanahmed/Desktop/NumerAI/backend/reports/admin.py changed, reloading.
INFO 2025-11-25 07:27:38,484 autoreload Watching for file changes with StatReloader
INFO 2025-11-25 07:27:38,484 autoreload Watching for file changes with StatReloader
INFO 2025-11-25 07:32:06,026 autoreload Watching for file changes with StatReloader
INFO 2025-11-25 07:32:06,026 autoreload Watching for file changes with StatReloader
INFO 2025-11-25 07:32:24,071 autoreload Watching for file changes with StatReloader
INFO 2025-11-25 07:32:24,071 autoreload Watching for file changes with StatReloader
INFO 2025-11-25 22:21:08,660 autoreload /Users/burhanahmed/Desktop/NumerAI/backend/reports/models.py changed, reloading.
INFO 2025-11-25 22:21:08,660 autoreload /Users/burhanahmed/Desktop/NumerAI/backend/reports/models.py changed, reloading.
INFO 2025-11-25 22:21:09,114 autoreload /Users/burhanahmed/Desktop/NumerAI/backend/reports/serializers.py changed, reloading.
INFO 2025-11-25 22:21:09,114 autoreload /Users/burhanahmed/Desktop/NumerAI/backend/reports/serializers.py changed, reloading.
INFO 2025-11-25 22:21:11,350 autoreload Watching for file changes with StatReloader
INFO 2025-11-25 22:21:11,350 autoreload Watching for file changes with StatReloader
INFO 2025-11-25 22:21:11,396 autoreload Watching for file changes with StatReloader
INFO 2025-11-25 22:21:11,396 autoreload Watching for file changes with StatReloader
